0 info it worked if it ends with ok
1 verbose cli [ '/usr/local/bin/node', '/usr/bin/npm', 'test' ]
2 info using npm@3.10.10
3 info using node@v9.2.0
4 verbose stack Error: Invalid version: "0.9.8.6"
4 verbose stack     at Object.fixVersionField (/usr/lib/node_modules/npm/node_modules/normalize-package-data/lib/fixer.js:191:13)
4 verbose stack     at /usr/lib/node_modules/npm/node_modules/normalize-package-data/lib/normalize.js:32:38
4 verbose stack     at Array.forEach (<anonymous>)
4 verbose stack     at normalize (/usr/lib/node_modules/npm/node_modules/normalize-package-data/lib/normalize.js:31:15)
4 verbose stack     at final (/usr/lib/node_modules/npm/node_modules/read-package-json/read-json.js:349:5)
4 verbose stack     at then (/usr/lib/node_modules/npm/node_modules/read-package-json/read-json.js:124:5)
4 verbose stack     at /usr/lib/node_modules/npm/node_modules/read-package-json/read-json.js:311:12
4 verbose stack     at /usr/lib/node_modules/npm/node_modules/graceful-fs/graceful-fs.js:78:16
4 verbose stack     at FSReqWrap.readFileAfterClose [as oncomplete] (fs.js:528:3)
5 verbose cwd /home/zfcheng/w/seanet
6 error Linux 4.10.0-40-generic
7 error argv "/usr/local/bin/node" "/usr/bin/npm" "test"
8 error node v9.2.0
9 error npm  v3.10.10
10 error Invalid version: "0.9.8.6"
11 error If you need help, you may report this error at:
11 error     <https://github.com/npm/npm/issues>
12 verbose exit [ 1, true ]
